RUN	simulations.GetAllEmployee	getallemployee	1670810455061	e	3.5.1
USER	get all employee details	START	1670810456453
USER	get all employee details	START	1670810456449
USER	get all employee details	START	1670810456449
USER	get all employee details	START	1670810456451
USER	get all employee details	START	1670810456451
USER	get all employee details	START	1670810456449
USER	get all employee details	START	1670810456450
USER	get all employee details	START	1670810456450
USER	get all employee details	START	1670810456450
USER	get all employee details	START	1670810456451
USER	get all employee details	START	1670810456449
USER	get all employee details	START	1670810456449
USER	get all employee details	START	1670810456449
USER	get all employee details	START	1670810456763
USER	get all employee details	START	1670810456451
USER	get all employee details	START	1670810456450
USER	get all employee details	START	1670810456763
USER	get all employee details	START	1670810456450
USER	get all employee details	START	1670810456763
USER	get all employee details	START	1670810456450
USER	get all employee details	START	1670810456763
USER	get all employee details	START	1670810456452
USER	get all employee details	START	1670810456763
USER	get all employee details	START	1670810456763
USER	get all employee details	START	1670810456764
USER	get all employee details	START	1670810456453
USER	get all employee details	START	1670810456450
USER	get all employee details	START	1670810456764
USER	get all employee details	START	1670810456764
USER	get all employee details	START	1670810456764
USER	get all employee details	START	1670810456764
USER	get all employee details	START	1670810456449
USER	get all employee details	START	1670810456765
USER	get all employee details	START	1670810456763
USER	get all employee details	START	1670810456449
USER	get all employee details	START	1670810456450
USER	get all employee details	START	1670810456765
USER	get all employee details	START	1670810456765
USER	get all employee details	START	1670810456765
USER	get all employee details	START	1670810456766
USER	get all employee details	START	1670810456766
USER	get all employee details	START	1670810456762
USER	get all employee details	START	1670810456765
USER	get all employee details	START	1670810456766
USER	get all employee details	START	1670810456766
USER	get all employee details	START	1670810456766
USER	get all employee details	START	1670810456767
USER	get all employee details	START	1670810456767
USER	get all employee details	START	1670810456767
USER	get all employee details	START	1670810456764
USER	get all employee details	START	1670810456763
USER	get all employee details	START	1670810456763
USER	get all employee details	START	1670810456768
USER	get all employee details	START	1670810456763
USER	get all employee details	START	1670810456764
USER	get all employee details	START	1670810456764
USER	get all employee details	START	1670810456765
USER	get all employee details	START	1670810456449
USER	get all employee details	START	1670810456768
USER	get all employee details	START	1670810456765
USER	get all employee details	START	1670810456768
USER	get all employee details	START	1670810456765
USER	get all employee details	START	1670810456763
USER	get all employee details	START	1670810456763
USER	get all employee details	START	1670810456763
USER	get all employee details	START	1670810456769
USER	get all employee details	START	1670810456766
USER	get all employee details	START	1670810456769
USER	get all employee details	START	1670810456769
USER	get all employee details	START	1670810456767
USER	get all employee details	START	1670810456767
USER	get all employee details	START	1670810456770
USER	get all employee details	START	1670810456763
USER	get all employee details	START	1670810456770
USER	get all employee details	START	1670810456767
USER	get all employee details	START	1670810456770
USER	get all employee details	START	1670810456770
USER	get all employee details	START	1670810456770
USER	get all employee details	START	1670810456771
USER	get all employee details	START	1670810456771
USER	get all employee details	START	1670810456771
USER	get all employee details	START	1670810456768
USER	get all employee details	START	1670810456764
USER	get all employee details	START	1670810456768
USER	get all employee details	START	1670810456768
USER	get all employee details	START	1670810456771
USER	get all employee details	START	1670810456765
USER	get all employee details	START	1670810456765
USER	get all employee details	START	1670810456772
USER	get all employee details	START	1670810456770
USER	get all employee details	START	1670810456772
USER	get all employee details	START	1670810456769
USER	get all employee details	START	1670810456770
USER	get all employee details	START	1670810456770
USER	get all employee details	START	1670810456772
USER	get all employee details	START	1670810456768
USER	get all employee details	START	1670810456767
USER	get all employee details	START	1670810456773
USER	get all employee details	START	1670810456771
USER	get all employee details	START	1670810456773
USER	get all employee details	START	1670810456771
USER	get all employee details	START	1670810456768
USER	get all employee details	START	1670810456773
USER	get all employee details	START	1670810456771
USER	get all employee details	START	1670810456773
USER	get all employee details	START	1670810456771
USER	get all employee details	START	1670810456769
USER	get all employee details	START	1670810456771
USER	get all employee details	START	1670810456774
USER	get all employee details	START	1670810456774
USER	get all employee details	START	1670810456769
USER	get all employee details	START	1670810456772
USER	get all employee details	START	1670810456772
USER	get all employee details	START	1670810456769
USER	get all employee details	START	1670810456770
USER	get all employee details	START	1670810456775
USER	get all employee details	START	1670810456770
USER	get all employee details	START	1670810456773
USER	get all employee details	START	1670810456773
USER	get all employee details	START	1670810456773
USER	get all employee details	START	1670810456775
USER	get all employee details	START	1670810456773
USER	get all employee details	START	1670810456775
USER	get all employee details	START	1670810456774
USER	get all employee details	START	1670810456775
USER	get all employee details	START	1670810456776
USER	get all employee details	START	1670810456776
USER	get all employee details	START	1670810456776
USER	get all employee details	START	1670810456776
USER	get all employee details	START	1670810456776
USER	get all employee details	START	1670810456776
USER	get all employee details	START	1670810456776
USER	get all employee details	START	1670810456775
USER	get all employee details	START	1670810456773
USER	get all employee details	START	1670810456777
USER	get all employee details	START	1670810456777
USER	get all employee details	START	1670810456777
USER	get all employee details	START	1670810456774
USER	get all employee details	START	1670810456777
USER	get all employee details	START	1670810456774
USER	get all employee details	START	1670810456777
USER	get all employee details	START	1670810456777
USER	get all employee details	START	1670810456775
USER	get all employee details	START	1670810456774
USER	get all employee details	START	1670810456775
USER	get all employee details	START	1670810456772
USER	get all employee details	START	1670810456777
USER	get all employee details	START	1670810456775
USER	get all employee details	START	1670810456778
USER	get all employee details	START	1670810456775
USER	get all employee details	START	1670810456778
USER	get all employee details	START	1670810456778
USER	get all employee details	START	1670810456778
USER	get all employee details	START	1670810456779
USER	get all employee details	START	1670810456779
USER	get all employee details	START	1670810456779
USER	get all employee details	START	1670810456779
USER	get all employee details	START	1670810456775
USER	get all employee details	START	1670810456775
USER	get all employee details	START	1670810456776
USER	get all employee details	START	1670810456779
USER	get all employee details	START	1670810456776
USER	get all employee details	START	1670810456779
USER	get all employee details	START	1670810456780
USER	get all employee details	START	1670810456780
USER	get all employee details	START	1670810456780
USER	get all employee details	START	1670810456779
USER	get all employee details	START	1670810456777
USER	get all employee details	START	1670810456780
USER	get all employee details	START	1670810456780
USER	get all employee details	START	1670810456777
USER	get all employee details	START	1670810456781
USER	get all employee details	START	1670810456772
USER	get all employee details	START	1670810456780
USER	get all employee details	START	1670810456778
USER	get all employee details	START	1670810456781
USER	get all employee details	START	1670810456777
USER	get all employee details	START	1670810456781
USER	get all employee details	START	1670810456778
USER	get all employee details	START	1670810456781
USER	get all employee details	START	1670810456778
USER	get all employee details	START	1670810456772
USER	get all employee details	START	1670810456773
USER	get all employee details	START	1670810456779
USER	get all employee details	START	1670810456779
USER	get all employee details	START	1670810456782
USER	get all employee details	START	1670810456778
USER	get all employee details	START	1670810456778
USER	get all employee details	START	1670810456780
USER	get all employee details	START	1670810456783
USER	get all employee details	START	1670810456783
USER	get all employee details	START	1670810456783
USER	get all employee details	START	1670810456780
USER	get all employee details	START	1670810456781
USER	get all employee details	START	1670810456781
USER	get all employee details	START	1670810456783
USER	get all employee details	START	1670810456781
USER	get all employee details	START	1670810456783
USER	get all employee details	START	1670810456781
USER	get all employee details	START	1670810456784
USER	get all employee details	START	1670810456778
USER	get all employee details	START	1670810456782
USER	get all employee details	START	1670810456782
USER	get all employee details	START	1670810456784
USER	get all employee details	START	1670810456782
USER	get all employee details	START	1670810456782
USER	get all employee details	START	1670810456774
USER	get all employee details	START	1670810456785
USER	get all employee details	START	1670810456782
USER	get all employee details	START	1670810456785
USER	get all employee details	START	1670810456785
USER	get all employee details	START	1670810456785
USER	get all employee details	START	1670810456783
USER	get all employee details	START	1670810456785
USER	get all employee details	START	1670810456785
USER	get all employee details	START	1670810456785
USER	get all employee details	START	1670810456786
USER	get all employee details	START	1670810456786
USER	get all employee details	START	1670810456786
USER	get all employee details	START	1670810456786
USER	get all employee details	START	1670810456786
USER	get all employee details	START	1670810456786
USER	get all employee details	START	1670810456786
USER	get all employee details	START	1670810456782
USER	get all employee details	START	1670810456783
USER	get all employee details	START	1670810456779
USER	get all employee details	START	1670810456787
USER	get all employee details	START	1670810456787
USER	get all employee details	START	1670810456787
USER	get all employee details	START	1670810456783
USER	get all employee details	START	1670810456783
USER	get all employee details	START	1670810456780
USER	get all employee details	START	1670810456787
USER	get all employee details	START	1670810456787
USER	get all employee details	START	1670810456787
USER	get all employee details	START	1670810456783
USER	get all employee details	START	1670810456784
USER	get all employee details	START	1670810456788
USER	get all employee details	START	1670810456784
USER	get all employee details	START	1670810456781
USER	get all employee details	START	1670810456784
USER	get all employee details	START	1670810456784
USER	get all employee details	START	1670810456788
USER	get all employee details	START	1670810456784
USER	get all employee details	START	1670810456788
USER	get all employee details	START	1670810456782
USER	get all employee details	START	1670810456785
USER	get all employee details	START	1670810456785
USER	get all employee details	START	1670810456789
USER	get all employee details	START	1670810456787
USER	get all employee details	START	1670810456786
USER	get all employee details	START	1670810456789
USER	get all employee details	START	1670810456790
USER	get all employee details	START	1670810456790
USER	get all employee details	START	1670810456785
USER	get all employee details	START	1670810456787
USER	get all employee details	START	1670810456790
USER	get all employee details	START	1670810456787
USER	get all employee details	START	1670810456790
USER	get all employee details	START	1670810456786
USER	get all employee details	START	1670810456790
USER	get all employee details	START	1670810456790
USER	get all employee details	START	1670810456791
USER	get all employee details	START	1670810456791
USER	get all employee details	START	1670810456791
USER	get all employee details	START	1670810456788
USER	get all employee details	START	1670810456791
USER	get all employee details	START	1670810456788
USER	get all employee details	START	1670810456788
USER	get all employee details	START	1670810456788
USER	get all employee details	START	1670810456791
USER	get all employee details	START	1670810456792
USER	get all employee details	START	1670810456791
USER	get all employee details	START	1670810456792
USER	get all employee details	START	1670810456788
USER	get all employee details	START	1670810456791
USER	get all employee details	START	1670810456792
USER	get all employee details	START	1670810456792
USER	get all employee details	START	1670810456792
USER	get all employee details	START	1670810456792
USER	get all employee details	START	1670810456792
USER	get all employee details	START	1670810456788
USER	get all employee details	START	1670810456791
USER	get all employee details	START	1670810456789
USER	get all employee details	START	1670810456793
USER	get all employee details	START	1670810456793
USER	get all employee details	START	1670810456793
USER	get all employee details	START	1670810456793
USER	get all employee details	START	1670810456793
USER	get all employee details	START	1670810456793
USER	get all employee details	START	1670810456793
USER	get all employee details	START	1670810456793
USER	get all employee details	START	1670810456793
USER	get all employee details	START	1670810456789
USER	get all employee details	START	1670810456785
USER	get all employee details	START	1670810456794
USER	get all employee details	START	1670810456789
USER	get all employee details	START	1670810456789
USER	get all employee details	START	1670810456794
USER	get all employee details	START	1670810456795
USER	get all employee details	START	1670810456795
USER	get all employee details	START	1670810456794
USER	get all employee details	START	1670810456795
USER	get all employee details	START	1670810456789
USER	get all employee details	START	1670810456787
USER	get all employee details	START	1670810456790
USER	get all employee details	START	1670810456790
USER	get all employee details	START	1670810456796
USER	get all employee details	START	1670810456796
USER	get all employee details	START	1670810456788
USER	get all employee details	START	1670810456791
USER	get all employee details	START	1670810456796
USER	get all employee details	START	1670810456797
USER	get all employee details	START	1670810456798
USER	get all employee details	START	1670810456798
USER	get all employee details	START	1670810456792
USER	get all employee details	START	1670810456799
USER	get all employee details	START	1670810456800
USER	get all employee details	START	1670810456801
USER	get all employee details	START	1670810456802
USER	get all employee details	START	1670810456803
USER	get all employee details	START	1670810456792
USER	get all employee details	START	1670810456804
USER	get all employee details	START	1670810456792
USER	get all employee details	START	1670810456807
USER	get all employee details	START	1670810456808
USER	get all employee details	START	1670810456809
USER	get all employee details	START	1670810456793
USER	get all employee details	START	1670810456793
USER	get all employee details	START	1670810456792
USER	get all employee details	START	1670810456793
USER	get all employee details	START	1670810456794
USER	get all employee details	START	1670810456794
USER	get all employee details	START	1670810456790
USER	get all employee details	START	1670810456795
USER	get all employee details	START	1670810456795
USER	get all employee details	START	1670810456794
USER	get all employee details	START	1670810456796
USER	get all employee details	START	1670810456813
USER	get all employee details	START	1670810456814
USER	get all employee details	START	1670810456814
USER	get all employee details	START	1670810456797
USER	get all employee details	START	1670810456815
USER	get all employee details	START	1670810456815
USER	get all employee details	START	1670810456816
USER	get all employee details	START	1670810456816
USER	get all employee details	START	1670810456815
USER	get all employee details	START	1670810456817
USER	get all employee details	START	1670810456817
USER	get all employee details	START	1670810456818
USER	get all employee details	START	1670810456819
USER	get all employee details	START	1670810456820
USER	get all employee details	START	1670810456791
USER	get all employee details	START	1670810456797
USER	get all employee details	START	1670810456797
USER	get all employee details	START	1670810456798
USER	get all employee details	START	1670810456822
USER	get all employee details	START	1670810456797
USER	get all employee details	START	1670810456812
USER	get all employee details	START	1670810456822
USER	get all employee details	START	1670810456811
USER	get all employee details	START	1670810456823
USER	get all employee details	START	1670810456823
USER	get all employee details	START	1670810456823
USER	get all employee details	START	1670810456823
USER	get all employee details	START	1670810456824
USER	get all employee details	START	1670810456824
USER	get all employee details	START	1670810456824
USER	get all employee details	START	1670810456825
USER	get all employee details	START	1670810456812
USER	get all employee details	START	1670810456814
USER	get all employee details	START	1670810456814
USER	get all employee details	START	1670810456814
USER	get all employee details	START	1670810456812
USER	get all employee details	START	1670810456826
USER	get all employee details	START	1670810456826
USER	get all employee details	START	1670810456795
USER	get all employee details	START	1670810456826
USER	get all employee details	START	1670810456814
USER	get all employee details	START	1670810456826
USER	get all employee details	START	1670810456826
USER	get all employee details	START	1670810456826
USER	get all employee details	START	1670810456827
USER	get all employee details	START	1670810456823
USER	get all employee details	START	1670810456823
USER	get all employee details	START	1670810456827
USER	get all employee details	START	1670810456823
USER	get all employee details	START	1670810456827
USER	get all employee details	START	1670810456828
USER	get all employee details	START	1670810456828
USER	get all employee details	START	1670810456828
USER	get all employee details	START	1670810456800
USER	get all employee details	START	1670810456829
USER	get all employee details	START	1670810456833
USER	get all employee details	START	1670810456834
USER	get all employee details	START	1670810456823
USER	get all employee details	START	1670810456823
USER	get all employee details	START	1670810456824
USER	get all employee details	START	1670810456840
USER	get all employee details	START	1670810456841
USER	get all employee details	START	1670810456842
USER	get all employee details	START	1670810456843
USER	get all employee details	START	1670810456824
USER	get all employee details	START	1670810456806
USER	get all employee details	START	1670810456812
USER	get all employee details	START	1670810456844
USER	get all employee details	START	1670810456845
USER	get all employee details	START	1670810456845
USER	get all employee details	START	1670810456846
USER	get all employee details	START	1670810456845
USER	get all employee details	START	1670810456847
USER	get all employee details	START	1670810456847
USER	get all employee details	START	1670810456826
USER	get all employee details	START	1670810456848
USER	get all employee details	START	1670810456849
USER	get all employee details	START	1670810456850
USER	get all employee details	START	1670810456826
USER	get all employee details	START	1670810456852
USER	get all employee details	START	1670810456827
USER	get all employee details	START	1670810456827
USER	get all employee details	START	1670810456854
USER	get all employee details	START	1670810456828
USER	get all employee details	START	1670810456855
USER	get all employee details	START	1670810456829
USER	get all employee details	START	1670810456856
USER	get all employee details	START	1670810456857
USER	get all employee details	START	1670810456829
USER	get all employee details	START	1670810456829
USER	get all employee details	START	1670810456839
USER	get all employee details	START	1670810456859
USER	get all employee details	START	1670810456840
USER	get all employee details	START	1670810456860
USER	get all employee details	START	1670810456861
USER	get all employee details	START	1670810456861
USER	get all employee details	START	1670810456861
USER	get all employee details	START	1670810456845
USER	get all employee details	START	1670810456862
USER	get all employee details	START	1670810456850
USER	get all employee details	START	1670810456863
USER	get all employee details	START	1670810456851
USER	get all employee details	START	1670810456866
USER	get all employee details	START	1670810456856
USER	get all employee details	START	1670810456857
USER	get all employee details	START	1670810456867
USER	get all employee details	START	1670810456858
USER	get all employee details	START	1670810456867
USER	get all employee details	START	1670810456869
USER	get all employee details	START	1670810456869
USER	get all employee details	START	1670810456869
USER	get all employee details	START	1670810456870
USER	get all employee details	START	1670810456857
USER	get all employee details	START	1670810456857
USER	get all employee details	START	1670810456871
USER	get all employee details	START	1670810456872
USER	get all employee details	START	1670810456872
USER	get all employee details	START	1670810456861
USER	get all employee details	START	1670810456862
USER	get all employee details	START	1670810456872
USER	get all employee details	START	1670810456846
USER	get all employee details	START	1670810456873
USER	get all employee details	START	1670810456864
USER	get all employee details	START	1670810456855
USER	get all employee details	START	1670810456873
USER	get all employee details	START	1670810456873
USER	get all employee details	START	1670810456873
USER	get all employee details	START	1670810456874
USER	get all employee details	START	1670810456870
USER	get all employee details	START	1670810456876
USER	get all employee details	START	1670810456871
USER	get all employee details	START	1670810456873
USER	get all employee details	START	1670810456877
USER	get all employee details	START	1670810456877
USER	get all employee details	START	1670810456878
USER	get all employee details	START	1670810456879
USER	get all employee details	START	1670810456879
USER	get all employee details	START	1670810456878
USER	get all employee details	START	1670810456880
USER	get all employee details	START	1670810456879
USER	get all employee details	START	1670810456873
USER	get all employee details	START	1670810456884
USER	get all employee details	START	1670810456884
USER	get all employee details	START	1670810456880
USER	get all employee details	START	1670810456873
USER	get all employee details	START	1670810456889
USER	get all employee details	START	1670810456889
USER	get all employee details	START	1670810456890
USER	get all employee details	START	1670810456891
USER	get all employee details	START	1670810456873
USER	get all employee details	START	1670810456892
USER	get all employee details	START	1670810456884
USER	get all employee details	START	1670810456895
USER	get all employee details	START	1670810456892
USER	get all employee details	START	1670810456896
USER	get all employee details	START	1670810456897
USER	get all employee details	START	1670810456893
USER	get all employee details	START	1670810456897
USER	get all employee details	START	1670810456898
USER	get all employee details	START	1670810456898
USER	get all employee details	START	1670810456898
USER	get all employee details	START	1670810456904
REQUEST		get employee contact request	1670810456770	1670810457085	OK	 
REQUEST		get employee contact request	1670810456770	1670810457090	OK	 
REQUEST		get employee contact request	1670810456783	1670810457089	OK	 
REQUEST		get employee contact request	1670810456864	1670810457086	OK	 
REQUEST		get employee contact request	1670810456763	1670810457080	OK	 
REQUEST		get employee contact request	1670810456765	1670810457095	OK	 
REQUEST		get employee contact request	1670810456479	1670810457078	OK	 
REQUEST		get employee contact request	1670810456481	1670810457080	OK	 
REQUEST		get employee contact request	1670810456791	1670810457098	OK	 
USER	get all employee details	END	1670810457098
USER	get all employee details	END	1670810457098
USER	get all employee details	END	1670810457098
USER	get all employee details	END	1670810457098
USER	get all employee details	END	1670810457098
USER	get all employee details	END	1670810457098
USER	get all employee details	END	1670810457099
REQUEST		get employee contact request	1670810456784	1670810457101	OK	 
REQUEST		get employee contact request	1670810456799	1670810457101	OK	 
USER	get all employee details	END	1670810457101
USER	get all employee details	END	1670810457101
REQUEST		get employee contact request	1670810456767	1670810457102	OK	 
REQUEST		get employee contact request	1670810456769	1670810457102	OK	 
REQUEST		get employee contact request	1670810456784	1670810457102	OK	 
USER	get all employee details	END	1670810457102
REQUEST		get employee contact request	1670810456770	1670810457103	OK	 
REQUEST		get employee contact request	1670810456770	1670810457103	OK	 
REQUEST		get employee contact request	1670810456851	1670810457104	OK	 
USER	get all employee details	END	1670810457103
USER	get all employee details	END	1670810457103
USER	get all employee details	END	1670810457103
USER	get all employee details	END	1670810457104
REQUEST		get employee contact request	1670810456771	1670810457105	OK	 
USER	get all employee details	END	1670810457104
USER	get all employee details	END	1670810457104
REQUEST		get employee contact request	1670810456772	1670810457105	OK	 
USER	get all employee details	END	1670810457105
USER	get all employee details	END	1670810457106
REQUEST		get employee contact request	1670810456788	1670810457109	OK	 
USER	get all employee details	END	1670810457109
USER	get all employee details	END	1670810457110
REQUEST		get employee contact request	1670810456787	1670810457111	OK	 
USER	get all employee details	END	1670810457111
REQUEST		get employee contact request	1670810456773	1670810457113	OK	 
REQUEST		get employee contact request	1670810456480	1670810457114	OK	 
REQUEST		get employee contact request	1670810456766	1670810457114	OK	 
USER	get all employee details	END	1670810457114
REQUEST		get employee contact request	1670810456779	1670810457115	OK	 
USER	get all employee details	END	1670810457114
REQUEST		get employee contact request	1670810456863	1670810457115	OK	 
USER	get all employee details	END	1670810457115
USER	get all employee details	END	1670810457115
USER	get all employee details	END	1670810457116
REQUEST		get employee contact request	1670810456825	1670810457117	OK	 
REQUEST		get employee contact request	1670810456789	1670810457117	OK	 
USER	get all employee details	END	1670810457117
USER	get all employee details	END	1670810457118
REQUEST		get employee contact request	1670810456828	1670810457121	OK	 
REQUEST		get employee contact request	1670810456792	1670810457121	OK	 
REQUEST		get employee contact request	1670810456828	1670810457121	OK	 
USER	get all employee details	END	1670810457121
USER	get all employee details	END	1670810457121
USER	get all employee details	END	1670810457122
REQUEST		get employee contact request	1670810456827	1670810457123	OK	 
REQUEST		get employee contact request	1670810456779	1670810457124	OK	 
USER	get all employee details	END	1670810457124
USER	get all employee details	END	1670810457125
REQUEST		get employee contact request	1670810456480	1670810457126	OK	 
USER	get all employee details	END	1670810457126
REQUEST		get employee contact request	1670810456802	1670810457127	OK	 
REQUEST		get employee contact request	1670810456779	1670810457128	OK	 
USER	get all employee details	END	1670810457127
USER	get all employee details	END	1670810457128
REQUEST		get employee contact request	1670810456822	1670810457131	OK	 
REQUEST		get employee contact request	1670810456481	1670810457131	OK	 
USER	get all employee details	END	1670810457132
USER	get all employee details	END	1670810457132
REQUEST		get employee contact request	1670810456768	1670810457133	OK	 
REQUEST		get employee contact request	1670810456778	1670810457132	OK	 
USER	get all employee details	END	1670810457133
USER	get all employee details	END	1670810457133
REQUEST		get employee contact request	1670810456772	1670810457135	OK	 
REQUEST		get employee contact request	1670810456774	1670810457135	OK	 
USER	get all employee details	END	1670810457136
REQUEST		get employee contact request	1670810456784	1670810457136	OK	 
USER	get all employee details	END	1670810457136
USER	get all employee details	END	1670810457137
REQUEST		get employee contact request	1670810456769	1670810457138	OK	 
REQUEST		get employee contact request	1670810456873	1670810457139	OK	 
USER	get all employee details	END	1670810457138
REQUEST		get employee contact request	1670810456793	1670810457140	OK	 
REQUEST		get employee contact request	1670810456869	1670810457141	OK	 
REQUEST		get employee contact request	1670810456790	1670810457142	OK	 
REQUEST		get employee contact request	1670810456792	1670810457142	OK	 
REQUEST		get employee contact request	1670810456826	1670810457146	OK	 
REQUEST		get employee contact request	1670810456786	1670810457149	OK	 
REQUEST		get employee contact request	1670810456892	1670810457149	OK	 
REQUEST		get employee contact request	1670810456786	1670810457149	OK	 
REQUEST		get employee contact request	1670810456834	1670810457150	OK	 
REQUEST		get employee contact request	1670810456767	1670810457151	OK	 
REQUEST		get employee contact request	1670810456868	1670810457151	OK	 
REQUEST		get employee contact request	1670810456783	1670810457152	OK	 
REQUEST		get employee contact request	1670810456782	1670810457153	OK	 
REQUEST		get employee contact request	1670810456789	1670810457154	OK	 
REQUEST		get employee contact request	1670810456774	1670810457154	OK	 
REQUEST		get employee contact request	1670810456771	1670810457155	OK	 
REQUEST		get employee contact request	1670810456809	1670810457155	OK	 
USER	get all employee details	END	1670810457139
USER	get all employee details	END	1670810457141
USER	get all employee details	END	1670810457141
USER	get all employee details	END	1670810457142
USER	get all employee details	END	1670810457143
USER	get all employee details	END	1670810457146
USER	get all employee details	END	1670810457149
USER	get all employee details	END	1670810457149
USER	get all employee details	END	1670810457150
USER	get all employee details	END	1670810457150
USER	get all employee details	END	1670810457151
USER	get all employee details	END	1670810457151
USER	get all employee details	END	1670810457152
USER	get all employee details	END	1670810457154
USER	get all employee details	END	1670810457155
USER	get all employee details	END	1670810457155
USER	get all employee details	END	1670810457155
USER	get all employee details	END	1670810457156
REQUEST		get employee contact request	1670810456788	1670810457171	OK	 
REQUEST		get employee contact request	1670810456771	1670810457172	OK	 
REQUEST		get employee contact request	1670810456810	1670810457172	OK	 
REQUEST		get employee contact request	1670810456772	1670810457174	OK	 
REQUEST		get employee contact request	1670810456889	1670810457175	OK	 
REQUEST		get employee contact request	1670810456777	1670810457179	OK	 
USER	get all employee details	END	1670810457171
USER	get all employee details	END	1670810457173
REQUEST		get employee contact request	1670810456782	1670810457180	OK	 
USER	get all employee details	END	1670810457173
USER	get all employee details	END	1670810457175
USER	get all employee details	END	1670810457175
REQUEST		get employee contact request	1670810456795	1670810457181	OK	 
REQUEST		get employee contact request	1670810456481	1670810457181	OK	 
USER	get all employee details	END	1670810457179
USER	get all employee details	END	1670810457180
REQUEST		get employee contact request	1670810456794	1670810457181	OK	 
USER	get all employee details	END	1670810457181
REQUEST		get employee contact request	1670810456801	1670810457182	OK	 
USER	get all employee details	END	1670810457181
REQUEST		get employee contact request	1670810456776	1670810457182	OK	 
REQUEST		get employee contact request	1670810456772	1670810457182	OK	 
USER	get all employee details	END	1670810457182
USER	get all employee details	END	1670810457182
USER	get all employee details	END	1670810457182
USER	get all employee details	END	1670810457183
REQUEST		get employee contact request	1670810456782	1670810457184	OK	 
USER	get all employee details	END	1670810457185
REQUEST		get employee contact request	1670810456824	1670810457187	OK	 
REQUEST		get employee contact request	1670810456884	1670810457187	OK	 
REQUEST		get employee contact request	1670810456858	1670810457188	OK	 
USER	get all employee details	END	1670810457187
USER	get all employee details	END	1670810457187
USER	get all employee details	END	1670810457188
REQUEST		get employee contact request	1670810456789	1670810457191	OK	 
REQUEST		get employee contact request	1670810456846	1670810457191	OK	 
USER	get all employee details	END	1670810457191
USER	get all employee details	END	1670810457192
REQUEST		get employee contact request	1670810456789	1670810457193	OK	 
REQUEST		get employee contact request	1670810456772	1670810457194	OK	 
REQUEST		get employee contact request	1670810456777	1670810457194	OK	 
REQUEST		get employee contact request	1670810456782	1670810457194	OK	 
REQUEST		get employee contact request	1670810456849	1670810457194	OK	 
USER	get all employee details	END	1670810457194
USER	get all employee details	END	1670810457194
USER	get all employee details	END	1670810457195
USER	get all employee details	END	1670810457195
USER	get all employee details	END	1670810457195
REQUEST		get employee contact request	1670810456764	1670810457195	OK	 
USER	get all employee details	END	1670810457195
REQUEST		get employee contact request	1670810456824	1670810457200	OK	 
REQUEST		get employee contact request	1670810456785	1670810457200	OK	 
REQUEST		get employee contact request	1670810456764	1670810457200	OK	 
REQUEST		get employee contact request	1670810456780	1670810457201	OK	 
REQUEST		get employee contact request	1670810456779	1670810457201	OK	 
REQUEST		get employee contact request	1670810456812	1670810457201	OK	 
REQUEST		get employee contact request	1670810456785	1670810457202	OK	 
USER	get all employee details	END	1670810457200
USER	get all employee details	END	1670810457200
USER	get all employee details	END	1670810457201
USER	get all employee details	END	1670810457201
USER	get all employee details	END	1670810457201
USER	get all employee details	END	1670810457201
USER	get all employee details	END	1670810457202
REQUEST		get employee contact request	1670810456814	1670810457223	OK	 
REQUEST		get employee contact request	1670810456824	1670810457225	OK	 
REQUEST		get employee contact request	1670810456782	1670810457226	OK	 
REQUEST		get employee contact request	1670810456481	1670810457227	OK	 
REQUEST		get employee contact request	1670810456862	1670810457227	OK	 
REQUEST		get employee contact request	1670810456775	1670810457229	OK	 
REQUEST		get employee contact request	1670810456857	1670810457231	OK	 
REQUEST		get employee contact request	1670810456480	1670810457232	OK	 
REQUEST		get employee contact request	1670810456790	1670810457231	OK	 
USER	get all employee details	END	1670810457224
USER	get all employee details	END	1670810457226
USER	get all employee details	END	1670810457228
USER	get all employee details	END	1670810457228
USER	get all employee details	END	1670810457230
USER	get all employee details	END	1670810457232
USER	get all employee details	END	1670810457233
REQUEST		get employee contact request	1670810456890	1670810457236	OK	 
USER	get all employee details	END	1670810457236
USER	get all employee details	END	1670810457236
USER	get all employee details	END	1670810457236
REQUEST		get employee contact request	1670810456879	1670810457237	OK	 
REQUEST		get employee contact request	1670810456796	1670810457237	OK	 
REQUEST		get employee contact request	1670810456788	1670810457238	OK	 
USER	get all employee details	END	1670810457237
REQUEST		get employee contact request	1670810456878	1670810457238	OK	 
USER	get all employee details	END	1670810457237
USER	get all employee details	END	1670810457238
USER	get all employee details	END	1670810457238
REQUEST		get employee contact request	1670810456800	1670810457239	OK	 
REQUEST		get employee contact request	1670810456872	1670810457239	OK	 
USER	get all employee details	END	1670810457240
USER	get all employee details	END	1670810457240
REQUEST		get employee contact request	1670810456786	1670810457242	OK	 
USER	get all employee details	END	1670810457243
REQUEST		get employee contact request	1670810456764	1670810457244	OK	 
REQUEST		get employee contact request	1670810456788	1670810457244	OK	 
USER	get all employee details	END	1670810457244
USER	get all employee details	END	1670810457244
REQUEST		get employee contact request	1670810456766	1670810457245	OK	 
USER	get all employee details	END	1670810457245
REQUEST		get employee contact request	1670810456780	1670810457247	OK	 
REQUEST		get employee contact request	1670810456775	1670810457247	OK	 
REQUEST		get employee contact request	1670810456792	1670810457248	OK	 
REQUEST		get employee contact request	1670810456845	1670810457248	OK	 
REQUEST		get employee contact request	1670810456772	1670810457248	OK	 
USER	get all employee details	END	1670810457247
USER	get all employee details	END	1670810457248
USER	get all employee details	END	1670810457248
USER	get all employee details	END	1670810457248
USER	get all employee details	END	1670810457248
REQUEST		get employee contact request	1670810456902	1670810457250	OK	 
USER	get all employee details	END	1670810457251
REQUEST		get employee contact request	1670810456792	1670810457251	OK	 
REQUEST		get employee contact request	1670810456877	1670810457254	OK	 
REQUEST		get employee contact request	1670810456783	1670810457253	OK	 
USER	get all employee details	END	1670810457252
USER	get all employee details	END	1670810457254
USER	get all employee details	END	1670810457254
REQUEST		get employee contact request	1670810456880	1670810457255	OK	 
REQUEST		get employee contact request	1670810456827	1670810457255	OK	 
REQUEST		get employee contact request	1670810456829	1670810457255	OK	 
USER	get all employee details	END	1670810457255
USER	get all employee details	END	1670810457255
USER	get all employee details	END	1670810457255
REQUEST		get employee contact request	1670810456868	1670810457256	OK	 
USER	get all employee details	END	1670810457256
REQUEST		get employee contact request	1670810456862	1670810457261	OK	 
REQUEST		get employee contact request	1670810456781	1670810457262	OK	 
REQUEST		get employee contact request	1670810456779	1670810457262	OK	 
REQUEST		get employee contact request	1670810456839	1670810457263	OK	 
REQUEST		get employee contact request	1670810456789	1670810457265	OK	 
REQUEST		get employee contact request	1670810456776	1670810457265	OK	 
REQUEST		get employee contact request	1670810456894	1670810457266	OK	 
REQUEST		get employee contact request	1670810456763	1670810457269	OK	 
REQUEST		get employee contact request	1670810456784	1670810457270	OK	 
REQUEST		get employee contact request	1670810456783	1670810457270	OK	 
REQUEST		get employee contact request	1670810456774	1670810457271	OK	 
REQUEST		get employee contact request	1670810456794	1670810457271	OK	 
REQUEST		get employee contact request	1670810456775	1670810457272	OK	 
USER	get all employee details	END	1670810457262
REQUEST		get employee contact request	1670810456814	1670810457273	OK	 
USER	get all employee details	END	1670810457262
USER	get all employee details	END	1670810457262
USER	get all employee details	END	1670810457264
USER	get all employee details	END	1670810457265
USER	get all employee details	END	1670810457265
USER	get all employee details	END	1670810457267
REQUEST		get employee contact request	1670810456786	1670810457275	OK	 
REQUEST		get employee contact request	1670810456869	1670810457276	OK	 
REQUEST		get employee contact request	1670810456789	1670810457276	OK	 
USER	get all employee details	END	1670810457269
USER	get all employee details	END	1670810457270
USER	get all employee details	END	1670810457270
USER	get all employee details	END	1670810457271
USER	get all employee details	END	1670810457271
USER	get all employee details	END	1670810457272
USER	get all employee details	END	1670810457274
USER	get all employee details	END	1670810457275
USER	get all employee details	END	1670810457276
USER	get all employee details	END	1670810457276
REQUEST		get employee contact request	1670810456821	1670810457273	OK	 
REQUEST		get employee contact request	1670810456789	1670810457273	OK	 
USER	get all employee details	END	1670810457278
USER	get all employee details	END	1670810457278
REQUEST		get employee contact request	1670810456792	1670810457269	OK	 
REQUEST		get employee contact request	1670810456784	1670810457279	OK	 
USER	get all employee details	END	1670810457279
REQUEST		get employee contact request	1670810456787	1670810457280	OK	 
REQUEST		get employee contact request	1670810456787	1670810457280	OK	 
REQUEST		get employee contact request	1670810456787	1670810457280	OK	 
REQUEST		get employee contact request	1670810456815	1670810457281	OK	 
USER	get all employee details	END	1670810457280
USER	get all employee details	END	1670810457280
USER	get all employee details	END	1670810457280
USER	get all employee details	END	1670810457281
REQUEST		get employee contact request	1670810456846	1670810457283	OK	 
REQUEST		get employee contact request	1670810456793	1670810457284	OK	 
REQUEST		get employee contact request	1670810456778	1670810457285	OK	 
REQUEST		get employee contact request	1670810456857	1670810457286	OK	 
REQUEST		get employee contact request	1670810456795	1670810457286	OK	 
USER	get all employee details	END	1670810457284
REQUEST		get employee contact request	1670810456850	1670810457287	OK	 
USER	get all employee details	END	1670810457284
USER	get all employee details	END	1670810457286
USER	get all employee details	END	1670810457286
USER	get all employee details	END	1670810457286
USER	get all employee details	END	1670810457288
REQUEST		get employee contact request	1670810456782	1670810457289	OK	 
REQUEST		get employee contact request	1670810456766	1670810457289	OK	 
USER	get all employee details	END	1670810457289
USER	get all employee details	END	1670810457289
REQUEST		get employee contact request	1670810456820	1670810457290	OK	 
REQUEST		get employee contact request	1670810456780	1670810457291	OK	 
USER	get all employee details	END	1670810457291
USER	get all employee details	END	1670810457291
REQUEST		get employee contact request	1670810456790	1670810457294	OK	 
REQUEST		get employee contact request	1670810456825	1670810457294	OK	 
REQUEST		get employee contact request	1670810456856	1670810457295	OK	 
REQUEST		get employee contact request	1670810456783	1670810457295	OK	 
USER	get all employee details	END	1670810457292
USER	get all employee details	END	1670810457294
USER	get all employee details	END	1670810457295
USER	get all employee details	END	1670810457295
USER	get all employee details	END	1670810457295
REQUEST		get employee contact request	1670810456766	1670810457296	OK	 
REQUEST		get employee contact request	1670810456780	1670810457296	OK	 
USER	get all employee details	END	1670810457296
USER	get all employee details	END	1670810457296
REQUEST		get employee contact request	1670810456866	1670810457297	OK	 
REQUEST		get employee contact request	1670810456823	1670810457297	OK	 
REQUEST		get employee contact request	1670810456824	1670810457305	OK	 
REQUEST		get employee contact request	1670810456791	1670810457307	OK	 
REQUEST		get employee contact request	1670810456768	1670810457309	OK	 
USER	get all employee details	END	1670810457297
REQUEST		get employee contact request	1670810456872	1670810457311	OK	 
REQUEST		get employee contact request	1670810456872	1670810457312	OK	 
REQUEST		get employee contact request	1670810456812	1670810457314	OK	 
REQUEST		get employee contact request	1670810456794	1670810457315	OK	 
REQUEST		get employee contact request	1670810456787	1670810457316	OK	 
REQUEST		get employee contact request	1670810456795	1670810457316	OK	 
REQUEST		get employee contact request	1670810456769	1670810457317	OK	 
REQUEST		get employee contact request	1670810456777	1670810457317	OK	 
REQUEST		get employee contact request	1670810456774	1670810457318	OK	 
REQUEST		get employee contact request	1670810456783	1670810457319	OK	 
REQUEST		get employee contact request	1670810456884	1670810457320	OK	 
USER	get all employee details	END	1670810457300
REQUEST		get employee contact request	1670810456791	1670810457322	OK	 
USER	get all employee details	END	1670810457305
USER	get all employee details	END	1670810457307
USER	get all employee details	END	1670810457310
USER	get all employee details	END	1670810457312
USER	get all employee details	END	1670810457312
USER	get all employee details	END	1670810457315
USER	get all employee details	END	1670810457316
USER	get all employee details	END	1670810457317
USER	get all employee details	END	1670810457317
USER	get all employee details	END	1670810457318
USER	get all employee details	END	1670810457319
USER	get all employee details	END	1670810457321
REQUEST		get employee contact request	1670810456480	1670810457324	OK	 
REQUEST		get employee contact request	1670810456848	1670810457325	OK	 
REQUEST		get employee contact request	1670810456769	1670810457325	OK	 
REQUEST		get employee contact request	1670810456766	1670810457326	OK	 
REQUEST		get employee contact request	1670810456888	1670810457327	OK	 
REQUEST		get employee contact request	1670810456785	1670810457327	OK	 
REQUEST		get employee contact request	1670810456481	1670810457329	OK	 
REQUEST		get employee contact request	1670810456793	1670810457329	OK	 
REQUEST		get employee contact request	1670810456776	1670810457330	OK	 
REQUEST		get employee contact request	1670810456846	1670810457330	OK	 
REQUEST		get employee contact request	1670810456874	1670810457330	OK	 
REQUEST		get employee contact request	1670810456811	1670810457332	OK	 
REQUEST		get employee contact request	1670810456773	1670810457333	OK	 
REQUEST		get employee contact request	1670810456863	1670810457334	OK	 
REQUEST		get employee contact request	1670810456870	1670810457334	OK	 
REQUEST		get employee contact request	1670810456845	1670810457335	OK	 
REQUEST		get employee contact request	1670810456866	1670810457335	OK	 
USER	get all employee details	END	1670810457325
USER	get all employee details	END	1670810457325
USER	get all employee details	END	1670810457325
USER	get all employee details	END	1670810457326
USER	get all employee details	END	1670810457326
USER	get all employee details	END	1670810457327
USER	get all employee details	END	1670810457327
USER	get all employee details	END	1670810457327
USER	get all employee details	END	1670810457328
USER	get all employee details	END	1670810457329
USER	get all employee details	END	1670810457329
USER	get all employee details	END	1670810457331
USER	get all employee details	END	1670810457332
USER	get all employee details	END	1670810457333
USER	get all employee details	END	1670810457334
USER	get all employee details	END	1670810457334
USER	get all employee details	END	1670810457334
USER	get all employee details	END	1670810457335
USER	get all employee details	END	1670810457336
USER	get all employee details	END	1670810457336
REQUEST		get employee contact request	1670810456791	1670810457338	OK	 
REQUEST		get employee contact request	1670810456479	1670810457339	OK	 
REQUEST		get employee contact request	1670810456481	1670810457339	OK	 
REQUEST		get employee contact request	1670810456860	1670810457339	OK	 
REQUEST		get employee contact request	1670810456768	1670810457341	OK	 
REQUEST		get employee contact request	1670810456773	1670810457342	OK	 
REQUEST		get employee contact request	1670810456775	1670810457343	OK	 
REQUEST		get employee contact request	1670810456786	1670810457344	OK	 
USER	get all employee details	END	1670810457339
USER	get all employee details	END	1670810457340
USER	get all employee details	END	1670810457340
USER	get all employee details	END	1670810457340
USER	get all employee details	END	1670810457342
USER	get all employee details	END	1670810457343
USER	get all employee details	END	1670810457344
USER	get all employee details	END	1670810457345
REQUEST		get employee contact request	1670810456763	1670810457347	OK	 
REQUEST		get employee contact request	1670810456776	1670810457348	OK	 
REQUEST		get employee contact request	1670810456788	1670810457349	OK	 
REQUEST		get employee contact request	1670810456796	1670810457349	OK	 
REQUEST		get employee contact request	1670810456864	1670810457350	OK	 
REQUEST		get employee contact request	1670810456782	1670810457350	OK	 
REQUEST		get employee contact request	1670810456779	1670810457352	OK	 
USER	get all employee details	END	1670810457348
USER	get all employee details	END	1670810457349
REQUEST		get employee contact request	1670810456764	1670810457356	OK	 
USER	get all employee details	END	1670810457349
REQUEST		get employee contact request	1670810456794	1670810457356	OK	 
REQUEST		get employee contact request	1670810456793	1670810457357	OK	 
USER	get all employee details	END	1670810457349
USER	get all employee details	END	1670810457350
USER	get all employee details	END	1670810457351
USER	get all employee details	END	1670810457352
USER	get all employee details	END	1670810457357
USER	get all employee details	END	1670810457357
USER	get all employee details	END	1670810457357
REQUEST		get employee contact request	1670810456861	1670810457373	OK	 
USER	get all employee details	END	1670810457373
REQUEST		get employee contact request	1670810456862	1670810457375	OK	 
USER	get all employee details	END	1670810457375
REQUEST		get employee contact request	1670810456770	1670810457376	OK	 
REQUEST		get employee contact request	1670810456828	1670810457376	OK	 
REQUEST		get employee contact request	1670810456828	1670810457377	OK	 
REQUEST		get employee contact request	1670810456788	1670810457377	OK	 
USER	get all employee details	END	1670810457376
USER	get all employee details	END	1670810457376
USER	get all employee details	END	1670810457378
REQUEST		get employee contact request	1670810456796	1670810457381	OK	 
USER	get all employee details	END	1670810457382
REQUEST		get employee contact request	1670810456861	1670810457382	OK	 
REQUEST		get employee contact request	1670810456780	1670810457382	OK	 
USER	get all employee details	END	1670810457382
USER	get all employee details	END	1670810457383
REQUEST		get employee contact request	1670810456788	1670810457385	OK	 
USER	get all employee details	END	1670810457385
USER	get all employee details	END	1670810457386
REQUEST		get employee contact request	1670810456857	1670810457386	OK	 
REQUEST		get employee contact request	1670810456878	1670810457389	OK	 
USER	get all employee details	END	1670810457388
USER	get all employee details	END	1670810457389
REQUEST		get employee contact request	1670810456879	1670810457391	OK	 
USER	get all employee details	END	1670810457391
REQUEST		get employee contact request	1670810456784	1670810457393	OK	 
REQUEST		get employee contact request	1670810456812	1670810457396	OK	 
REQUEST		get employee contact request	1670810456878	1670810457397	OK	 
USER	get all employee details	END	1670810457394
USER	get all employee details	END	1670810457396
USER	get all employee details	END	1670810457397
REQUEST		get employee contact request	1670810456786	1670810457398	OK	 
REQUEST		get employee contact request	1670810456827	1670810457399	OK	 
REQUEST		get employee contact request	1670810456856	1670810457399	OK	 
USER	get all employee details	END	1670810457398
USER	get all employee details	END	1670810457399
REQUEST		get employee contact request	1670810456777	1670810457399	OK	 
REQUEST		get employee contact request	1670810456792	1670810457399	OK	 
REQUEST		get employee contact request	1670810456770	1670810457399	OK	 
USER	get all employee details	END	1670810457399
REQUEST		get employee contact request	1670810456790	1670810457400	OK	 
USER	get all employee details	END	1670810457400
USER	get all employee details	END	1670810457400
USER	get all employee details	END	1670810457400
USER	get all employee details	END	1670810457400
REQUEST		get employee contact request	1670810456770	1670810457495	OK	 
REQUEST		get employee contact request	1670810456792	1670810457496	OK	 
USER	get all employee details	END	1670810457495
USER	get all employee details	END	1670810457496
REQUEST		get employee contact request	1670810456788	1670810457498	OK	 
USER	get all employee details	END	1670810457498
REQUEST		get employee contact request	1670810456843	1670810457499	OK	 
USER	get all employee details	END	1670810457500
REQUEST		get employee contact request	1670810456479	1670810457502	OK	 
USER	get all employee details	END	1670810457502
REQUEST		get employee contact request	1670810456791	1670810457503	OK	 
USER	get all employee details	END	1670810457504
REQUEST		get employee contact request	1670810456829	1670810457506	OK	 
REQUEST		get employee contact request	1670810456796	1670810457506	OK	 
REQUEST		get employee contact request	1670810456868	1670810457507	OK	 
REQUEST		get employee contact request	1670810456891	1670810457507	OK	 
USER	get all employee details	END	1670810457506
USER	get all employee details	END	1670810457507
USER	get all employee details	END	1670810457507
USER	get all employee details	END	1670810457507
REQUEST		get employee contact request	1670810456826	1670810457507	OK	 
USER	get all employee details	END	1670810457508
REQUEST		get employee contact request	1670810456791	1670810457509	OK	 
USER	get all employee details	END	1670810457509
REQUEST		get employee contact request	1670810456825	1670810457511	OK	 
REQUEST		get employee contact request	1670810456871	1670810457512	OK	 
USER	get all employee details	END	1670810457512
REQUEST		get employee contact request	1670810456795	1670810457512	OK	 
USER	get all employee details	END	1670810457512
USER	get all employee details	END	1670810457513
REQUEST		get employee contact request	1670810456768	1670810457513	OK	 
USER	get all employee details	END	1670810457514
REQUEST		get employee contact request	1670810456852	1670810457514	OK	 
USER	get all employee details	END	1670810457515
REQUEST		get employee contact request	1670810456776	1670810457516	OK	 
REQUEST		get employee contact request	1670810456765	1670810457516	OK	 
USER	get all employee details	END	1670810457516
USER	get all employee details	END	1670810457517
REQUEST		get employee contact request	1670810456769	1670810457518	OK	 
REQUEST		get employee contact request	1670810456765	1670810457518	OK	 
USER	get all employee details	END	1670810457518
REQUEST		get employee contact request	1670810456871	1670810457519	OK	 
USER	get all employee details	END	1670810457519
REQUEST		get employee contact request	1670810456480	1670810457519	OK	 
REQUEST		get employee contact request	1670810456827	1670810457520	OK	 
USER	get all employee details	END	1670810457520
USER	get all employee details	END	1670810457520
USER	get all employee details	END	1670810457520
REQUEST		get employee contact request	1670810456778	1670810457520	OK	 
REQUEST		get employee contact request	1670810456816	1670810457520	OK	 
USER	get all employee details	END	1670810457521
USER	get all employee details	END	1670810457521
REQUEST		get employee contact request	1670810456790	1670810457521	OK	 
USER	get all employee details	END	1670810457521
REQUEST		get employee contact request	1670810456767	1670810457523	OK	 
REQUEST		get employee contact request	1670810456785	1670810457524	OK	 
REQUEST		get employee contact request	1670810456835	1670810457525	OK	 
REQUEST		get employee contact request	1670810456791	1670810457525	OK	 
REQUEST		get employee contact request	1670810456793	1670810457527	OK	 
USER	get all employee details	END	1670810457523
USER	get all employee details	END	1670810457524
USER	get all employee details	END	1670810457525
USER	get all employee details	END	1670810457525
USER	get all employee details	END	1670810457528
REQUEST		get employee contact request	1670810456779	1670810457528	OK	 
REQUEST		get employee contact request	1670810456773	1670810457528	OK	 
REQUEST		get employee contact request	1670810456805	1670810457528	OK	 
REQUEST		get employee contact request	1670810456813	1670810457528	OK	 
REQUEST		get employee contact request	1670810456773	1670810457528	OK	 
REQUEST		get employee contact request	1670810456892	1670810457530	OK	 
USER	get all employee details	END	1670810457529
USER	get all employee details	END	1670810457529
USER	get all employee details	END	1670810457529
USER	get all employee details	END	1670810457529
USER	get all employee details	END	1670810457530
USER	get all employee details	END	1670810457530
REQUEST		get employee contact request	1670810456816	1670810457531	OK	 
USER	get all employee details	END	1670810457532
REQUEST		get employee contact request	1670810456814	1670810457532	OK	 
REQUEST		get employee contact request	1670810456879	1670810457533	OK	 
REQUEST		get employee contact request	1670810456806	1670810457533	OK	 
USER	get all employee details	END	1670810457533
USER	get all employee details	END	1670810457533
USER	get all employee details	END	1670810457533
REQUEST		get employee contact request	1670810456764	1670810457534	OK	 
REQUEST		get employee contact request	1670810456799	1670810457535	OK	 
USER	get all employee details	END	1670810457535
USER	get all employee details	END	1670810457535
REQUEST		get employee contact request	1670810456781	1670810457535	OK	 
REQUEST		get employee contact request	1670810456848	1670810457536	OK	 
USER	get all employee details	END	1670810457536
USER	get all employee details	END	1670810457536
REQUEST		get employee contact request	1670810456766	1670810457536	OK	 
USER	get all employee details	END	1670810457536
REQUEST		get employee contact request	1670810456807	1670810457538	OK	 
REQUEST		get employee contact request	1670810456854	1670810457538	OK	 
REQUEST		get employee contact request	1670810456880	1670810457539	OK	 
USER	get all employee details	END	1670810457538
USER	get all employee details	END	1670810457539
USER	get all employee details	END	1670810457539
REQUEST		get employee contact request	1670810456789	1670810457540	OK	 
USER	get all employee details	END	1670810457541
REQUEST		get employee contact request	1670810456768	1670810457542	OK	 
REQUEST		get employee contact request	1670810456776	1670810457542	OK	 
REQUEST		get employee contact request	1670810456825	1670810457542	OK	 
USER	get all employee details	END	1670810457542
USER	get all employee details	END	1670810457542
USER	get all employee details	END	1670810457543
REQUEST		get employee contact request	1670810456788	1670810457543	OK	 
USER	get all employee details	END	1670810457544
REQUEST		get employee contact request	1670810456771	1670810457544	OK	 
REQUEST		get employee contact request	1670810456827	1670810457544	OK	 
USER	get all employee details	END	1670810457545
USER	get all employee details	END	1670810457545
REQUEST		get employee contact request	1670810456767	1670810457546	OK	 
USER	get all employee details	END	1670810457547
REQUEST		get employee contact request	1670810456790	1670810457548	OK	 
USER	get all employee details	END	1670810457548
REQUEST		get employee contact request	1670810456890	1670810457549	OK	 
REQUEST		get employee contact request	1670810456765	1670810457550	OK	 
REQUEST		get employee contact request	1670810456823	1670810457550	OK	 
REQUEST		get employee contact request	1670810456769	1670810457551	OK	 
REQUEST		get employee contact request	1670810456815	1670810457551	OK	 
REQUEST		get employee contact request	1670810456771	1670810457552	OK	 
USER	get all employee details	END	1670810457550
USER	get all employee details	END	1670810457550
USER	get all employee details	END	1670810457550
USER	get all employee details	END	1670810457551
USER	get all employee details	END	1670810457551
USER	get all employee details	END	1670810457552
REQUEST		get employee contact request	1670810456815	1670810457571	OK	 
REQUEST		get employee contact request	1670810456788	1670810457571	OK	 
REQUEST		get employee contact request	1670810456770	1670810457571	OK	 
REQUEST		get employee contact request	1670810456865	1670810457571	OK	 
REQUEST		get employee contact request	1670810456892	1670810457573	OK	 
REQUEST		get employee contact request	1670810456797	1670810457573	OK	 
REQUEST		get employee contact request	1670810456778	1670810457574	OK	 
REQUEST		get employee contact request	1670810456772	1670810457574	OK	 
REQUEST		get employee contact request	1670810456899	1670810457575	OK	 
REQUEST		get employee contact request	1670810456779	1670810457575	OK	 
USER	get all employee details	END	1670810457571
USER	get all employee details	END	1670810457571
USER	get all employee details	END	1670810457571
USER	get all employee details	END	1670810457572
USER	get all employee details	END	1670810457573
USER	get all employee details	END	1670810457573
USER	get all employee details	END	1670810457575
USER	get all employee details	END	1670810457575
USER	get all employee details	END	1670810457575
USER	get all employee details	END	1670810457575
REQUEST		get employee contact request	1670810456782	1670810457580	OK	 
REQUEST		get employee contact request	1670810456766	1670810457581	OK	 
USER	get all employee details	END	1670810457580
REQUEST		get employee contact request	1670810456793	1670810457583	OK	 
REQUEST		get employee contact request	1670810456817	1670810457583	OK	 
REQUEST		get employee contact request	1670810456811	1670810457583	OK	 
REQUEST		get employee contact request	1670810456847	1670810457584	OK	 
REQUEST		get employee contact request	1670810456768	1670810457584	OK	 
USER	get all employee details	END	1670810457582
REQUEST		get employee contact request	1670810456777	1670810457585	OK	 
REQUEST		get employee contact request	1670810456781	1670810457585	OK	 
REQUEST		get employee contact request	1670810456779	1670810457586	OK	 
REQUEST		get employee contact request	1670810456783	1670810457587	OK	 
REQUEST		get employee contact request	1670810456841	1670810457589	OK	 
REQUEST		get employee contact request	1670810456791	1670810457590	OK	 
REQUEST		get employee contact request	1670810456779	1670810457590	OK	 
REQUEST		get employee contact request	1670810456792	1670810457591	OK	 
USER	get all employee details	END	1670810457584
USER	get all employee details	END	1670810457584
USER	get all employee details	END	1670810457584
USER	get all employee details	END	1670810457584
USER	get all employee details	END	1670810457584
USER	get all employee details	END	1670810457585
USER	get all employee details	END	1670810457587
USER	get all employee details	END	1670810457588
USER	get all employee details	END	1670810457589
USER	get all employee details	END	1670810457590
USER	get all employee details	END	1670810457590
USER	get all employee details	END	1670810457591
USER	get all employee details	END	1670810457591
REQUEST		get employee contact request	1670810456777	1670810457592	OK	 
REQUEST		get employee contact request	1670810456826	1670810457592	OK	 
USER	get all employee details	END	1670810457592
USER	get all employee details	END	1670810457592
REQUEST		get employee contact request	1670810456772	1670810457594	OK	 
REQUEST		get employee contact request	1670810456771	1670810457594	OK	 
REQUEST		get employee contact request	1670810456823	1670810457594	OK	 
REQUEST		get employee contact request	1670810456775	1670810457596	OK	 
REQUEST		get employee contact request	1670810456855	1670810457596	OK	 
USER	get all employee details	END	1670810457594
USER	get all employee details	END	1670810457594
REQUEST		get employee contact request	1670810456781	1670810457598	OK	 
REQUEST		get employee contact request	1670810456828	1670810457598	OK	 
USER	get all employee details	END	1670810457594
REQUEST		get employee contact request	1670810456768	1670810457599	OK	 
REQUEST		get employee contact request	1670810456784	1670810457599	OK	 
REQUEST		get employee contact request	1670810456767	1670810457600	OK	 
REQUEST		get employee contact request	1670810456828	1670810457601	OK	 
REQUEST		get employee contact request	1670810456872	1670810457602	OK	 
REQUEST		get employee contact request	1670810456825	1670810457602	OK	 
REQUEST		get employee contact request	1670810456880	1670810457602	OK	 
REQUEST		get employee contact request	1670810456787	1670810457603	OK	 
USER	get all employee details	END	1670810457597
USER	get all employee details	END	1670810457597
USER	get all employee details	END	1670810457598
USER	get all employee details	END	1670810457598
REQUEST		get employee contact request	1670810456772	1670810457603	OK	 
USER	get all employee details	END	1670810457600
USER	get all employee details	END	1670810457600
USER	get all employee details	END	1670810457601
USER	get all employee details	END	1670810457601
USER	get all employee details	END	1670810457602
USER	get all employee details	END	1670810457603
USER	get all employee details	END	1670810457603
USER	get all employee details	END	1670810457603
USER	get all employee details	END	1670810457603
REQUEST		get employee contact request	1670810456481	1670810457604	OK	 
USER	get all employee details	END	1670810457604
REQUEST		get employee contact request	1670810456764	1670810457605	OK	 
REQUEST		get employee contact request	1670810456480	1670810457605	OK	 
USER	get all employee details	END	1670810457605
USER	get all employee details	END	1670810457605
REQUEST		get employee contact request	1670810456825	1670810457605	OK	 
USER	get all employee details	END	1670810457606
REQUEST		get employee contact request	1670810456851	1670810457606	OK	 
USER	get all employee details	END	1670810457606
REQUEST		get employee contact request	1670810456798	1670810457606	OK	 
REQUEST		get employee contact request	1670810456793	1670810457606	OK	 
USER	get all employee details	END	1670810457607
USER	get all employee details	END	1670810457607
REQUEST		get employee contact request	1670810456767	1670810457610	OK	 
REQUEST		get employee contact request	1670810456822	1670810457610	OK	 
USER	get all employee details	END	1670810457611
USER	get all employee details	END	1670810457611
REQUEST		get employee contact request	1670810456786	1670810457614	OK	 
REQUEST		get employee contact request	1670810456884	1670810457614	OK	 
REQUEST		get employee contact request	1670810456803	1670810457614	OK	 
REQUEST		get employee contact request	1670810456824	1670810457616	OK	 
REQUEST		get employee contact request	1670810456481	1670810457617	OK	 
REQUEST		get employee contact request	1670810456785	1670810457618	OK	 
REQUEST		get employee contact request	1670810456813	1670810457618	OK	 
REQUEST		get employee contact request	1670810456814	1670810457619	OK	 
REQUEST		get employee contact request	1670810456901	1670810457619	OK	 
REQUEST		get employee contact request	1670810456842	1670810457619	OK	 
REQUEST		get employee contact request	1670810456871	1670810457621	OK	 
REQUEST		get employee contact request	1670810456798	1670810457622	OK	 
USER	get all employee details	END	1670810457614
USER	get all employee details	END	1670810457615
USER	get all employee details	END	1670810457615
USER	get all employee details	END	1670810457617
USER	get all employee details	END	1670810457618
USER	get all employee details	END	1670810457618
USER	get all employee details	END	1670810457618
USER	get all employee details	END	1670810457619
USER	get all employee details	END	1670810457619
USER	get all employee details	END	1670810457619
USER	get all employee details	END	1670810457621
USER	get all employee details	END	1670810457622
REQUEST		get employee contact request	1670810456826	1670810457623	OK	 
USER	get all employee details	END	1670810457624
REQUEST		get employee contact request	1670810456783	1670810457625	OK	 
REQUEST		get employee contact request	1670810456764	1670810457625	OK	 
REQUEST		get employee contact request	1670810456776	1670810457625	OK	 
REQUEST		get employee contact request	1670810456480	1670810457626	OK	 
REQUEST		get employee contact request	1670810456781	1670810457626	OK	 
USER	get all employee details	END	1670810457625
REQUEST		get employee contact request	1670810456769	1670810457626	OK	 
REQUEST		get employee contact request	1670810456778	1670810457626	OK	 
USER	get all employee details	END	1670810457625
USER	get all employee details	END	1670810457626
USER	get all employee details	END	1670810457626
USER	get all employee details	END	1670810457626
USER	get all employee details	END	1670810457627
USER	get all employee details	END	1670810457627
REQUEST		get employee contact request	1670810456784	1670810457628	OK	 
REQUEST		get employee contact request	1670810456767	1670810457628	OK	 
USER	get all employee details	END	1670810457629
REQUEST		get employee contact request	1670810456797	1670810457630	OK	 
USER	get all employee details	END	1670810457630
REQUEST		get employee contact request	1670810456829	1670810457630	OK	 
USER	get all employee details	END	1670810457631
REQUEST		get employee contact request	1670810456789	1670810457632	OK	 
USER	get all employee details	END	1670810457632
REQUEST		get employee contact request	1670810456786	1670810457633	OK	 
REQUEST		get employee contact request	1670810456897	1670810457633	OK	 
USER	get all employee details	END	1670810457633
USER	get all employee details	END	1670810457633
REQUEST		get employee contact request	1670810456896	1670810457634	OK	 
USER	get all employee details	END	1670810457635
REQUEST		get employee contact request	1670810456773	1670810457636	OK	 
REQUEST		get employee contact request	1670810456776	1670810457636	OK	 
REQUEST		get employee contact request	1670810456825	1670810457636	OK	 
USER	get all employee details	END	1670810457636
USER	get all employee details	END	1670810457637
USER	get all employee details	END	1670810457637
USER	get all employee details	END	1670810457639
REQUEST		get employee contact request	1670810456800	1670810457639	OK	 
USER	get all employee details	END	1670810457640
REQUEST		get employee contact request	1670810456870	1670810457640	OK	 
REQUEST		get employee contact request	1670810456780	1670810457640	OK	 
USER	get all employee details	END	1670810457640
USER	get all employee details	END	1670810457641
REQUEST		get employee contact request	1670810456773	1670810457641	OK	 
USER	get all employee details	END	1670810457641
REQUEST		get employee contact request	1670810456789	1670810457642	OK	 
USER	get all employee details	END	1670810457643
REQUEST		get employee contact request	1670810456789	1670810457644	OK	 
REQUEST		get employee contact request	1670810456796	1670810457645	OK	 
REQUEST		get employee contact request	1670810456776	1670810457646	OK	 
REQUEST		get employee contact request	1670810456770	1670810457646	OK	 
USER	get all employee details	END	1670810457646
USER	get all employee details	END	1670810457646
USER	get all employee details	END	1670810457646
REQUEST		get employee contact request	1670810456775	1670810457647	OK	 
USER	get all employee details	END	1670810457647
USER	get all employee details	END	1670810457648
REQUEST		get employee contact request	1670810456776	1670810457648	OK	 
USER	get all employee details	END	1670810457649
REQUEST		get employee contact request	1670810456791	1670810457649	OK	 
USER	get all employee details	END	1670810457650
REQUEST		get employee contact request	1670810456785	1670810457650	OK	 
REQUEST		get employee contact request	1670810456780	1670810457650	OK	 
USER	get all employee details	END	1670810457651
USER	get all employee details	END	1670810457651
REQUEST		get employee contact request	1670810456794	1670810457652	OK	 
REQUEST		get employee contact request	1670810456790	1670810457652	OK	 
REQUEST		get employee contact request	1670810456773	1670810457653	OK	 
USER	get all employee details	END	1670810457652
REQUEST		get employee contact request	1670810456873	1670810457654	OK	 
REQUEST		get employee contact request	1670810456481	1670810457654	OK	 
USER	get all employee details	END	1670810457653
USER	get all employee details	END	1670810457654
REQUEST		get employee contact request	1670810456778	1670810457654	OK	 
USER	get all employee details	END	1670810457654
REQUEST		get employee contact request	1670810456780	1670810457655	OK	 
USER	get all employee details	END	1670810457655
USER	get all employee details	END	1670810457655
USER	get all employee details	END	1670810457655
REQUEST		get employee contact request	1670810456795	1670810457656	OK	 
USER	get all employee details	END	1670810457656
REQUEST		get employee contact request	1670810456904	1670810457657	OK	 
REQUEST		get employee contact request	1670810456873	1670810457657	OK	 
USER	get all employee details	END	1670810457657
USER	get all employee details	END	1670810457657
REQUEST		get employee contact request	1670810456791	1670810457657	OK	 
USER	get all employee details	END	1670810457658
REQUEST		get employee contact request	1670810456480	1670810457659	OK	 
REQUEST		get employee contact request	1670810456784	1670810457660	OK	 
USER	get all employee details	END	1670810457660
REQUEST		get employee contact request	1670810456779	1670810457663	OK	 
REQUEST		get employee contact request	1670810456772	1670810457664	OK	 
REQUEST		get employee contact request	1670810456481	1670810457664	OK	 
REQUEST		get employee contact request	1670810456785	1670810457664	OK	 
REQUEST		get employee contact request	1670810456765	1670810457666	OK	 
REQUEST		get employee contact request	1670810456827	1670810457665	OK	 
REQUEST		get employee contact request	1670810456771	1670810457666	OK	 
REQUEST		get employee contact request	1670810456769	1670810457666	OK	 
REQUEST		get employee contact request	1670810456481	1670810457666	OK	 
REQUEST		get employee contact request	1670810456768	1670810457666	OK	 
USER	get all employee details	END	1670810457663
USER	get all employee details	END	1670810457664
USER	get all employee details	END	1670810457664
USER	get all employee details	END	1670810457665
USER	get all employee details	END	1670810457666
USER	get all employee details	END	1670810457666
USER	get all employee details	END	1670810457666
USER	get all employee details	END	1670810457666
USER	get all employee details	END	1670810457667
USER	get all employee details	END	1670810457667
USER	get all employee details	END	1670810457667
REQUEST		get employee contact request	1670810456843	1670810457667	OK	 
REQUEST		get employee contact request	1670810456861	1670810457668	OK	 
REQUEST		get employee contact request	1670810456765	1670810457668	OK	 
REQUEST		get employee contact request	1670810456860	1670810457668	OK	 
REQUEST		get employee contact request	1670810456814	1670810457668	OK	 
REQUEST		get employee contact request	1670810456777	1670810457668	OK	 
USER	get all employee details	END	1670810457668
USER	get all employee details	END	1670810457668
USER	get all employee details	END	1670810457668
USER	get all employee details	END	1670810457668
USER	get all employee details	END	1670810457668
USER	get all employee details	END	1670810457669
REQUEST		get employee contact request	1670810456783	1670810457669	OK	 
REQUEST		get employee contact request	1670810456838	1670810457669	OK	 
USER	get all employee details	END	1670810457669
USER	get all employee details	END	1670810457669
REQUEST		get employee contact request	1670810456778	1670810457671	OK	 
USER	get all employee details	END	1670810457672
REQUEST		get employee contact request	1670810456857	1670810457673	OK	 
REQUEST		get employee contact request	1670810456793	1670810457673	OK	 
REQUEST		get employee contact request	1670810456873	1670810457673	OK	 
USER	get all employee details	END	1670810457674
USER	get all employee details	END	1670810457674
USER	get all employee details	END	1670810457674
REQUEST		get employee contact request	1670810456793	1670810457676	OK	 
REQUEST		get employee contact request	1670810456780	1670810457676	OK	 
USER	get all employee details	END	1670810457676
USER	get all employee details	END	1670810457676
REQUEST		get employee contact request	1670810456856	1670810457678	OK	 
REQUEST		get employee contact request	1670810456792	1670810457678	OK	 
REQUEST		get employee contact request	1670810456776	1670810457677	OK	 
REQUEST		get employee contact request	1670810456781	1670810457678	OK	 
USER	get all employee details	END	1670810457678
USER	get all employee details	END	1670810457678
USER	get all employee details	END	1670810457678
USER	get all employee details	END	1670810457678
REQUEST		get employee contact request	1670810456784	1670810457679	OK	 
USER	get all employee details	END	1670810457680
REQUEST		get employee contact request	1670810456775	1670810457682	OK	 
REQUEST		get employee contact request	1670810456773	1670810457683	OK	 
USER	get all employee details	END	1670810457683
USER	get all employee details	END	1670810457683
REQUEST		get employee contact request	1670810456774	1670810457688	OK	 
REQUEST		get employee contact request	1670810456817	1670810457688	OK	 
REQUEST		get employee contact request	1670810456823	1670810457688	OK	 
USER	get all employee details	END	1670810457688
USER	get all employee details	END	1670810457688
USER	get all employee details	END	1670810457688
REQUEST		get employee contact request	1670810456857	1670810457689	OK	 
REQUEST		get employee contact request	1670810456898	1670810457689	OK	 
USER	get all employee details	END	1670810457690
USER	get all employee details	END	1670810457690
REQUEST		get employee contact request	1670810456780	1670810457691	OK	 
REQUEST		get employee contact request	1670810456791	1670810457691	OK	 
REQUEST		get employee contact request	1670810456872	1670810457691	OK	 
USER	get all employee details	END	1670810457692
USER	get all employee details	END	1670810457692
USER	get all employee details	END	1670810457692
REQUEST		get employee contact request	1670810456768	1670810457694	OK	 
REQUEST		get employee contact request	1670810456878	1670810457695	OK	 
USER	get all employee details	END	1670810457695
USER	get all employee details	END	1670810457695
REQUEST		get employee contact request	1670810456783	1670810457696	OK	 
USER	get all employee details	END	1670810457697
REQUEST		get employee contact request	1670810456897	1670810457698	OK	 
REQUEST		get employee contact request	1670810456823	1670810457698	OK	 
REQUEST		get employee contact request	1670810456778	1670810457700	OK	 
USER	get all employee details	END	1670810457699
USER	get all employee details	END	1670810457699
REQUEST		get employee contact request	1670810456786	1670810457701	OK	 
USER	get all employee details	END	1670810457701
REQUEST		get employee contact request	1670810456766	1670810457702	OK	 
USER	get all employee details	END	1670810457702
USER	get all employee details	END	1670810457702
REQUEST		get employee contact request	1670810456818	1670810457703	OK	 
USER	get all employee details	END	1670810457703
REQUEST		get employee contact request	1670810456480	1670810457707	OK	 
REQUEST		get employee contact request	1670810456792	1670810457707	OK	 
REQUEST		get employee contact request	1670810456764	1670810457707	OK	 
USER	get all employee details	END	1670810457707
USER	get all employee details	END	1670810457707
REQUEST		get employee contact request	1670810456764	1670810457708	OK	 
USER	get all employee details	END	1670810457708
USER	get all employee details	END	1670810457708
REQUEST		get employee contact request	1670810456856	1670810457708	OK	 
REQUEST		get employee contact request	1670810456789	1670810457709	OK	 
USER	get all employee details	END	1670810457708
USER	get all employee details	END	1670810457709
REQUEST		get employee contact request	1670810456774	1670810457712	OK	 
REQUEST		get employee contact request	1670810456793	1670810457712	OK	 
USER	get all employee details	END	1670810457712
USER	get all employee details	END	1670810457712
REQUEST		get employee contact request	1670810456778	1670810457713	OK	 
USER	get all employee details	END	1670810457713
REQUEST		get employee contact request	1670810456785	1670810457714	OK	 
REQUEST		get employee contact request	1670810456774	1670810457714	OK	 
REQUEST		get employee contact request	1670810456774	1670810457714	OK	 
USER	get all employee details	END	1670810457714
USER	get all employee details	END	1670810457714
USER	get all employee details	END	1670810457714
REQUEST		get employee contact request	1670810456774	1670810457716	OK	 
USER	get all employee details	END	1670810457716
REQUEST		get employee contact request	1670810456768	1670810457717	OK	 
REQUEST		get employee contact request	1670810456765	1670810457717	OK	 
USER	get all employee details	END	1670810457717
USER	get all employee details	END	1670810457717
REQUEST		get employee contact request	1670810456825	1670810457718	OK	 
USER	get all employee details	END	1670810457718
REQUEST		get employee contact request	1670810456788	1670810457726	OK	 
REQUEST		get employee contact request	1670810456481	1670810457728	OK	 
REQUEST		get employee contact request	1670810456822	1670810457729	OK	 
USER	get all employee details	END	1670810457727
USER	get all employee details	END	1670810457729
USER	get all employee details	END	1670810457730
REQUEST		get employee contact request	1670810456798	1670810457731	OK	 
REQUEST		get employee contact request	1670810456825	1670810457731	OK	 
REQUEST		get employee contact request	1670810456771	1670810457731	OK	 
REQUEST		get employee contact request	1670810456840	1670810457731	OK	 
REQUEST		get employee contact request	1670810456781	1670810457732	OK	 
USER	get all employee details	END	1670810457731
USER	get all employee details	END	1670810457731
USER	get all employee details	END	1670810457731
USER	get all employee details	END	1670810457732
USER	get all employee details	END	1670810457732
REQUEST		get employee contact request	1670810456767	1670810457738	OK	 
REQUEST		get employee contact request	1670810456816	1670810457738	OK	 
REQUEST		get employee contact request	1670810456771	1670810457739	OK	 
USER	get all employee details	END	1670810457738
USER	get all employee details	END	1670810457739
USER	get all employee details	END	1670810457739
REQUEST		get employee contact request	1670810456772	1670810457739	OK	 
REQUEST		get employee contact request	1670810456790	1670810457739	OK	 
USER	get all employee details	END	1670810457739
REQUEST		get employee contact request	1670810456791	1670810457739	OK	 
USER	get all employee details	END	1670810457739
USER	get all employee details	END	1670810457740
REQUEST		get employee contact request	1670810456898	1670810457740	OK	 
REQUEST		get employee contact request	1670810456778	1670810457740	OK	 
USER	get all employee details	END	1670810457740
USER	get all employee details	END	1670810457740
REQUEST		get employee contact request	1670810456786	1670810457741	OK	 
REQUEST		get employee contact request	1670810456791	1670810457741	OK	 
USER	get all employee details	END	1670810457742
USER	get all employee details	END	1670810457742
