RUN	simulations.AddEmployee	addemployee	1670777835845	k	3.5.1
USER	Add and Delete employee scenario	START	1670777837181
USER	Add and Delete employee scenario	START	1670777837182
USER	Add and Delete employee scenario	START	1670777837182
USER	Add and Delete employee scenario	START	1670777837182
USER	Add and Delete employee scenario	START	1670777837181
USER	Add and Delete employee scenario	START	1670777837181
USER	Add and Delete employee scenario	START	1670777837182
USER	Add and Delete employee scenario	START	1670777837181
USER	Add and Delete employee scenario	START	1670777837181
USER	Add and Delete employee scenario	START	1670777837181
REQUEST		Add employee request	1670777837210	1670777837557	OK	 
REQUEST		Add employee request	1670777837210	1670777837557	OK	 
REQUEST		Add employee request	1670777837210	1670777837557	OK	 
REQUEST		Add employee request	1670777837210	1670777837557	OK	 
REQUEST		Add employee request	1670777837210	1670777837557	OK	 
REQUEST		Add employee request	1670777837211	1670777837557	OK	 
REQUEST		Add employee request	1670777837210	1670777837557	OK	 
REQUEST		Add employee request	1670777837210	1670777837557	OK	 
REQUEST		Add employee request	1670777837210	1670777837557	OK	 
REQUEST		Add employee request	1670777837210	1670777837557	OK	 
REQUEST		Delete employee request	1670777837616	1670777837631	OK	 
REQUEST		Delete employee request	1670777837616	1670777837630	OK	 
REQUEST		Delete employee request	1670777837616	1670777837634	OK	 
REQUEST		Delete employee request	1670777837616	1670777837634	OK	 
REQUEST		Delete employee request	1670777837616	1670777837634	OK	 
REQUEST		Delete employee request	1670777837616	1670777837634	OK	 
REQUEST		Delete employee request	1670777837616	1670777837635	OK	 
USER	Add and Delete employee scenario	END	1670777837635
USER	Add and Delete employee scenario	END	1670777837635
USER	Add and Delete employee scenario	END	1670777837635
USER	Add and Delete employee scenario	END	1670777837635
USER	Add and Delete employee scenario	END	1670777837635
USER	Add and Delete employee scenario	END	1670777837635
USER	Add and Delete employee scenario	END	1670777837636
REQUEST		Delete employee request	1670777837616	1670777837637	OK	 
USER	Add and Delete employee scenario	END	1670777837637
REQUEST		Delete employee request	1670777837616	1670777837637	OK	 
REQUEST		Delete employee request	1670777837616	1670777837638	OK	 
USER	Add and Delete employee scenario	END	1670777837638
USER	Add and Delete employee scenario	END	1670777837638
