RUN	simulations.AddEmployee	addemployee	1670810317182	1	3.5.1
USER	Add and Delete employee scenario	START	1670810318494
USER	Add and Delete employee scenario	START	1670810318494
USER	Add and Delete employee scenario	START	1670810318494
USER	Add and Delete employee scenario	START	1670810318494
USER	Add and Delete employee scenario	START	1670810318494
USER	Add and Delete employee scenario	START	1670810318494
USER	Add and Delete employee scenario	START	1670810318494
USER	Add and Delete employee scenario	START	1670810318494
USER	Add and Delete employee scenario	START	1670810318494
USER	Add and Delete employee scenario	START	1670810318494
REQUEST		Add employee request	1670810318522	1670810319000	OK	 
REQUEST		Add employee request	1670810318522	1670810318999	OK	 
REQUEST		Add employee request	1670810318522	1670810318999	OK	 
REQUEST		Add employee request	1670810318522	1670810318999	OK	 
REQUEST		Add employee request	1670810318522	1670810318999	OK	 
REQUEST		Add employee request	1670810318522	1670810318999	OK	 
REQUEST		Add employee request	1670810318522	1670810318999	OK	 
REQUEST		Add employee request	1670810318522	1670810318999	OK	 
REQUEST		Add employee request	1670810318522	1670810318999	OK	 
REQUEST		Add employee request	1670810318522	1670810318999	OK	 
REQUEST		Delete employee request	1670810319059	1670810319101	OK	 
REQUEST		Delete employee request	1670810319059	1670810319101	OK	 
REQUEST		Delete employee request	1670810319059	1670810319101	OK	 
REQUEST		Delete employee request	1670810319059	1670810319101	OK	 
REQUEST		Delete employee request	1670810319059	1670810319101	OK	 
REQUEST		Delete employee request	1670810319059	1670810319101	OK	 
REQUEST		Delete employee request	1670810319060	1670810319101	OK	 
REQUEST		Delete employee request	1670810319060	1670810319101	OK	 
REQUEST		Delete employee request	1670810319059	1670810319101	OK	 
REQUEST		Delete employee request	1670810319059	1670810319101	OK	 
USER	Add and Delete employee scenario	END	1670810319105
USER	Add and Delete employee scenario	END	1670810319105
USER	Add and Delete employee scenario	END	1670810319105
USER	Add and Delete employee scenario	END	1670810319105
USER	Add and Delete employee scenario	END	1670810319105
USER	Add and Delete employee scenario	END	1670810319105
USER	Add and Delete employee scenario	END	1670810319105
USER	Add and Delete employee scenario	END	1670810319105
USER	Add and Delete employee scenario	END	1670810319105
USER	Add and Delete employee scenario	END	1670810319105
